NZD_CAD
XAG_USD
EUR_CZK
XAG_SGD
JP225_USD
XAG_CAD
AU200_AUD
SG30_SGD
EUR_USD
SOYBN_USD
EUR_DKK
EUR_CHF
NL25_EUR
CHINAH_HKD
XAU_EUR
CORN_USD
XAU_AUD
XPT_USD
EUR_HUF
XPD_USD
XAU_CAD
NAS100_USD
USD_DKK
CHF_ZAR
DE10YB_EUR
USB02Y_USD
NZD_JPY
USD_HKD
CH20_CHF
CAD_HKD
XAG_CHF
USD_CHF
XAG_HKD
AUD_HKD
ESPIX_EUR
NZD_CHF
AUD_CHF
GBP_CHF
USD_THB
XAU_JPY
XAU_HKD
EUR_HKD
CHF_JPY
GBP_HKD
EUR_NZD
XAG_AUD
WTICO_USD
XAG_NZD
AUD_SGD
EUR_JPY
EUR_TRY
USD_JPY
SGD_JPY
GBP_ZAR
XAG_JPY
USB05Y_USD
EUR_SEK
USD_SGD
NZD_SGD
XAU_CHF
WHEAT_USD
GBP_NZD
USD_TRY
GBP_JPY
GBP_PLN
AUD_CAD
EUR_PLN
SUGAR_USD
UK10YB_GBP
GBP_CAD
UK100_GBP
USD_MXN
GBP_USD
AUD_USD
SGD_CHF
ZAR_JPY
XAU_NZD
AUD_JPY
EUR_SGD
TRY_JPY
CHF_HKD
GBP_SGD
USD_SEK
NZD_HKD
USD_CNH
CN50_USD
XAG_GBP
USD_CZK
EUR_GBP
US30_USD
JP225Y_JPY
EUR_NOK
USD_CAD
EUR_AUD
XAU_USD
XAU_SGD
CAD_CHF
US2000_USD
SPX500_USD
AUD_NZD
USB30Y_USD
BCO_USD
HKD_JPY
XAU_XAG
HK33_HKD
USB10Y_USD
EU50_EUR
USD_NOK
XAU_GBP
GBP_AUD
USD_PLN
XCU_USD
EUR_ZAR
NZD_USD
XAG_EUR
DE30_EUR
USD_ZAR
CAD_JPY
CAD_SGD
USD_HUF
EUR_CAD
NATGAS_USD
FR40_EUR
